<?xml version="1.0" encoding="UTF-8"?>
<!-- Generated by org.testng.reporters.JUnitXMLReporter -->
<testsuite ignored="0" hostname="SasiMani" failures="0" tests="4" name="Demo" time="0.048" errors="0" timestamp="2023-11-01T09:53:29 IST">
  <testcase classname="TestNG.TestDemo" name="HelloWorld" time="0.003"/>
  <testcase classname="TestNG.TestDemo" name="demosite" time="0.007"/>
  <testcase classname="TestNG.DemoTest" name="f" time="0.002"/>
  <testcase classname="TestNG.DemoTest" name="f1" time="0.002"/>
</testsuite> <!-- Demo -->
