<?xml version="1.0" encoding="UTF-8"?>
<testng-results ignored="0" total="2" passed="2" failed="0" skipped="0">
  <reporter-output>
  </reporter-output>
  <suite started-at="2023-11-01T10:16:20 IST" name="Applications" finished-at="2023-11-01T10:16:22 IST" duration-ms="1971">
    <groups>
    </groups>
    <test started-at="2023-11-01T10:16:20 IST" name="e-Commerce" finished-at="2023-11-01T10:16:22 IST" duration-ms="1971">
      <class name="TestNG.TestDemo">
        <test-method is-config="true" signature="beforeClass()[pri:0, instance:TestNG.TestDemo@5942ee04]" started-at="2023-11-01T10:16:20 IST" name="beforeClass" finished-at="2023-11-01T10:16:20 IST" duration-ms="21" status="PASS">
          <reporter-output>
          </reporter-output>
        </test-method> <!-- beforeClass -->
        <test-method is-config="true" signature="BeforeM()[pri:0, instance:TestNG.TestDemo@5942ee04]" started-at="2023-11-01T10:16:20 IST" name="BeforeM" finished-at="2023-11-01T10:16:20 IST" duration-ms="1" status="PASS">
          <reporter-output>
          </reporter-output>
        </test-method> <!-- BeforeM -->
        <test-method signature="HelloWorld()[pri:0, instance:TestNG.TestDemo@5942ee04]" started-at="2023-11-01T10:16:20 IST" name="HelloWorld" finished-at="2023-11-01T10:16:20 IST" duration-ms="11" status="PASS">
          <reporter-output>
          </reporter-output>
        </test-method> <!-- HelloWorld -->
        <test-method is-config="true" signature="AfterM()[pri:0, instance:TestNG.TestDemo@5942ee04]" started-at="2023-11-01T10:16:20 IST" name="AfterM" finished-at="2023-11-01T10:16:20 IST" duration-ms="1" status="PASS">
          <reporter-output>
          </reporter-output>
        </test-method> <!-- AfterM -->
        <test-method is-config="true" signature="BeforeM()[pri:0, instance:TestNG.TestDemo@5942ee04]" started-at="2023-11-01T10:16:20 IST" name="BeforeM" finished-at="2023-11-01T10:16:20 IST" duration-ms="2" status="PASS">
          <reporter-output>
          </reporter-output>
        </test-method> <!-- BeforeM -->
        <test-method signature="demosite(java.lang.String,java.lang.String,java.lang.String)[pri:0, instance:TestNG.TestDemo@5942ee04]" started-at="2023-11-01T10:16:20 IST" name="demosite" finished-at="2023-11-01T10:16:22 IST" duration-ms="1854" status="PASS">
          <params>
            <param index="0">
              <value>
                <![CDATA[https://www.saucedemo.com]]>
              </value>
            </param>
            <param index="1">
              <value>
                <![CDATA[standard_user]]>
              </value>
            </param>
            <param index="2">
              <value>
                <![CDATA[secretsauce]]>
              </value>
            </param>
          </params>
          <reporter-output>
          </reporter-output>
        </test-method> <!-- demosite -->
        <test-method is-config="true" signature="AfterM()[pri:0, instance:TestNG.TestDemo@5942ee04]" started-at="2023-11-01T10:16:22 IST" name="AfterM" finished-at="2023-11-01T10:16:22 IST" duration-ms="1" status="PASS">
          <reporter-output>
          </reporter-output>
        </test-method> <!-- AfterM -->
        <test-method is-config="true" signature="afterClass()[pri:0, instance:TestNG.TestDemo@5942ee04]" started-at="2023-11-01T10:16:22 IST" name="afterClass" finished-at="2023-11-01T10:16:22 IST" duration-ms="0" status="PASS">
          <reporter-output>
          </reporter-output>
        </test-method> <!-- afterClass -->
      </class> <!-- TestNG.TestDemo -->
    </test> <!-- e-Commerce -->
  </suite> <!-- Applications -->
</testng-results>
